<?xml version="1.0" encoding="UTF-8"?>
<!-- Generated by org.testng.reporters.JUnitXMLReporter -->
<testsuite hostname="appledeMacBook-Pro-72.local" name="JenkinsAutoTest" tests="6" failures="0" timestamp="16 Aug 2018 09:32:09 GMT" time="0.34" errors="0">
  <testcase name="testMethod" time="0.013" classname="finup.feather.controller.HttpRequest_TestNG_New"/>
  <testcase name="testMethod" time="0.001" classname="finup.feather.controller.HttpRequest_TestNG_New"/>
  <testcase name="testMethod" time="0.0" classname="finup.feather.controller.HttpRequest_TestNG_New"/>
  <testcase name="testMethod" time="0.0" classname="finup.feather.controller.HttpRequest_TestNG_New"/>
  <testcase name="testMethod" time="0.0" classname="finup.feather.controller.HttpRequest_TestNG_New"/>
  <testcase name="testMethod" time="0.001" classname="finup.feather.controller.HttpRequest_TestNG_New"/>
</testsuite> <!-- JenkinsAutoTest -->
