<?xml version="1.0" encoding="UTF-8"?>
<!-- Generated by org.testng.reporters.JUnitXMLReporter -->
<testsuite hostname="appledeMacBook-Pro-72.local" name="Api_Select(failed)" tests="1" failures="1" timestamp="27 Aug 2018 09:44:56 GMT" time="0.002" errors="0">
  <testcase name="testMethod" time="0.0" classname="finup.feather.controller.HttpRequest_TestNG_New">
    <failure type="java.lang.NullPointerException">
      <![CDATA[java.lang.NullPointerException
	at java.util.concurrent.ThreadPoolExecutor.runWorker(ThreadPoolExecutor.java:1142)
	at java.util.concurrent.ThreadPoolExecutor$Worker.run(ThreadPoolExecutor.java:617)
	at java.lang.Thread.run(Thread.java:745)
... Removed 4 stack frames]]>
    </failure>
  </testcase> <!-- testMethod -->
</testsuite> <!-- Api_Select(failed) -->
